# JRE version: Java(TM) SE Runtime Environment (8.0_60-b07) (build 1.8.0_60-ea-b07)
# Java VM: Java HotSpot(TM) 64-Bit Server VM (25.60-b07 mixed mode linux-amd64 compressed oops)
Heap:
 PSYoungGen      total 250368K, used 3359K [0x00000000eab00000, 0x00000000ffc80000, 0x0000000100000000)
  eden space 167424K, 2% used [0x00000000eab00000,0x00000000eae47d00,0x00000000f4e80000)
  from space 82944K, 0% used [0x00000000f4e80000,0x00000000f4e80000,0x00000000f9f80000)
  to   space 79872K, 0% used [0x00000000fae80000,0x00000000fae80000,0x00000000ffc80000)
 ParOldGen       total 699392K, used 271520K [0x00000000c0000000, 0x00000000eab00000, 0x00000000eab00000)
  object space 699392K, 38% used [0x00000000c0000000,0x00000000d0928338,0x00000000eab00000)
 Metaspace       used 127641K, capacity 133758K, committed 149632K, reserved 1175552K
  class space    used 19055K, capacity 20582K, committed 22912K, reserved 1048576K
GC Heap History (10 events):
Event: 7734.848 GC heap before
{Heap before GC invocations=546 (full 14):
 PSYoungGen      total 227328K, used 173145K [0x00000000eab00000, 0x00000000fe580000, 0x0000000100000000)
  eden space 141824K, 100% used [0x00000000eab00000,0x00000000f3580000,0x00000000f3580000)
  from space 85504K, 36% used [0x00000000f3580000,0x00000000f5416590,0x00000000f8900000)
  to   space 83456K, 0% used [0x00000000f9400000,0x00000000f9400000,0x00000000fe580000)
 ParOldGen       total 699392K, used 587723K [0x00000000c0000000, 0x00000000eab00000, 0x00000000eab00000)
  object space 699392K, 84% used [0x00000000c0000000,0x00000000e3df2da8,0x00000000eab00000)
 Metaspace       used 131378K, capacity 138374K, committed 149632K, reserved 1175552K
  class space    used 19630K, capacity 21381K, committed 22912K, reserved 1048576K
Event: 7734.881 GC heap after
Heap after GC invocations=546 (full 14):
 PSYoungGen      total 238592K, used 37069K [0x00000000eab00000, 0x00000000fe680000, 0x0000000100000000)
  eden space 155136K, 0% used [0x00000000eab00000,0x00000000eab00000,0x00000000f4280000)
  from space 83456K, 44% used [0x00000000f9400000,0x00000000fb833540,0x00000000fe580000)
  to   space 83456K, 0% used [0x00000000f4280000,0x00000000f4280000,0x00000000f9400000)
 ParOldGen       total 699392K, used 587723K [0x00000000c0000000, 0x00000000eab00000, 0x00000000eab00000)
  object space 699392K, 84% used [0x00000000c0000000,0x00000000e3df2da8,0x00000000eab00000)
 Metaspace       used 131378K, capacity 138374K, committed 149632K, reserved 1175552K
  class space    used 19630K, capacity 21381K, committed 22912K, reserved 1048576K
}
Event: 7735.291 GC heap before
{Heap before GC invocations=547 (full 14):
 PSYoungGen      total 238592K, used 192205K [0x00000000eab00000, 0x00000000fe680000, 0x0000000100000000)
  eden space 155136K, 100% used [0x00000000eab00000,0x00000000f4280000,0x00000000f4280000)
  from space 83456K, 44% used [0x00000000f9400000,0x00000000fb833540,0x00000000fe580000)
  to   space 83456K, 0% used [0x00000000f4280000,0x00000000f4280000,0x00000000f9400000)
 ParOldGen       total 699392K, used 587723K [0x00000000c0000000, 0x00000000eab00000, 0x00000000eab00000)
  object space 699392K, 84% used [0x00000000c0000000,0x00000000e3df2da8,0x00000000eab00000)
 Metaspace       used 131384K, capacity 138374K, committed 149632K, reserved 1175552K
  class space    used 19630K, capacity 21381K, committed 22912K, reserved 1048576K
Event: 7735.336 GC heap after
Heap after GC invocations=547 (full 14):
 PSYoungGen      total 238592K, used 24240K [0x00000000eab00000, 0x00000000fec00000, 0x0000000100000000)
  eden space 155136K, 0% used [0x00000000eab00000,0x00000000eab00000,0x00000000f4280000)
  from space 83456K, 29% used [0x00000000f4280000,0x00000000f5a2c1a0,0x00000000f9400000)
  to   space 78336K, 0% used [0x00000000f9f80000,0x00000000f9f80000,0x00000000fec00000)
 ParOldGen       total 699392K, used 605552K [0x00000000c0000000, 0x00000000eab00000, 0x00000000eab00000)
  object space 699392K, 86% used [0x00000000c0000000,0x00000000e4f5c278,0x00000000eab00000)
 Metaspace       used 131384K, capacity 138374K, committed 149632K, reserved 1175552K
  class space    used 19630K, capacity 21381K, committed 22912K, reserved 1048576K
}
Event: 7736.193 GC heap before
{Heap before GC invocations=548 (full 14):
 PSYoungGen      total 238592K, used 179376K [0x00000000eab00000, 0x00000000fec00000, 0x0000000100000000)
  eden space 155136K, 100% used [0x00000000eab00000,0x00000000f4280000,0x00000000f4280000)
  from space 83456K, 29% used [0x00000000f4280000,0x00000000f5a2c1a0,0x00000000f9400000)
  to   space 78336K, 0% used [0x00000000f9f80000,0x00000000f9f80000,0x00000000fec00000)
 ParOldGen       total 699392K, used 605552K [0x00000000c0000000, 0x00000000eab00000, 0x00000000eab00000)
  object space 699392K, 86% used [0x00000000c0000000,0x00000000e4f5c278,0x00000000eab00000)
 Metaspace       used 132705K, capacity 139760K, committed 149632K, reserved 1175552K
  class space    used 19818K, capacity 21584K, committed 22912K, reserved 1048576K
Event: 7736.240 GC heap after
Heap after GC invocations=548 (full 14):
 PSYoungGen      total 245760K, used 49057K [0x00000000eab00000, 0x00000000ff480000, 0x0000000100000000)
  eden space 167424K, 0% used [0x00000000eab00000,0x00000000eab00000,0x00000000f4e80000)
  from space 78336K, 62% used [0x00000000f9f80000,0x00000000fcf68460,0x00000000fec00000)
  to   space 82944K, 0% used [0x00000000f4e80000,0x00000000f4e80000,0x00000000f9f80000)
 ParOldGen       total 699392K, used 608190K [0x00000000c0000000, 0x00000000eab00000, 0x00000000eab00000)
  object space 699392K, 86% used [0x00000000c0000000,0x00000000e51efbd8,0x00000000eab00000)
 Metaspace       used 132705K, capacity 139760K, committed 149632K, reserved 1175552K
  class space    used 19818K, capacity 21584K, committed 22912K, reserved 1048576K
}
Event: 7736.759 GC heap before
{Heap before GC invocations=549 (full 14):
 PSYoungGen      total 245760K, used 216481K [0x00000000eab00000, 0x00000000ff480000, 0x0000000100000000)
  eden space 167424K, 100% used [0x00000000eab00000,0x00000000f4e80000,0x00000000f4e80000)
  from space 78336K, 62% used [0x00000000f9f80000,0x00000000fcf68460,0x00000000fec00000)
  to   space 82944K, 0% used [0x00000000f4e80000,0x00000000f4e80000,0x00000000f9f80000)
 ParOldGen       total 699392K, used 608190K [0x00000000c0000000, 0x00000000eab00000, 0x00000000eab00000)
  object space 699392K, 86% used [0x00000000c0000000,0x00000000e51efbd8,0x00000000eab00000)
 Metaspace       used 132705K, capacity 139760K, committed 149632K, reserved 1175552K
  class space    used 19818K, capacity 21584K, committed 22912K, reserved 1048576K
Event: 7736.806 GC heap after
Heap after GC invocations=549 (full 14):
 PSYoungGen      total 250368K, used 6003K [0x00000000eab00000, 0x00000000ffc80000, 0x0000000100000000)
  eden space 167424K, 0% used [0x00000000eab00000,0x00000000eab00000,0x00000000f4e80000)
  from space 82944K, 7% used [0x00000000f4e80000,0x00000000f545cf38,0x00000000f9f80000)
  to   space 79872K, 0% used [0x00000000fae80000,0x00000000fae80000,0x00000000ffc80000)
 ParOldGen       total 699392K, used 655825K [0x00000000c0000000, 0x00000000eab00000, 0x00000000eab00000)
  object space 699392K, 93% used [0x00000000c0000000,0x00000000e80745c8,0x00000000eab00000)
 Metaspace       used 132705K, capacity 139760K, committed 149632K, reserved 1175552K
  class space    used 19818K, capacity 21584K, committed 22912K, reserved 1048576K
}
Event: 7736.806 GC heap before
{Heap before GC invocations=550 (full 15):
 PSYoungGen      total 250368K, used 6003K [0x00000000eab00000, 0x00000000ffc80000, 0x0000000100000000)
  eden space 167424K, 0% used [0x00000000eab00000,0x00000000eab00000,0x00000000f4e80000)
  from space 82944K, 7% used [0x00000000f4e80000,0x00000000f545cf38,0x00000000f9f80000)
  to   space 79872K, 0% used [0x00000000fae80000,0x00000000fae80000,0x00000000ffc80000)
 ParOldGen       total 699392K, used 655825K [0x00000000c0000000, 0x00000000eab00000, 0x00000000eab00000)
  object space 699392K, 93% used [0x00000000c0000000,0x00000000e80745c8,0x00000000eab00000)
 Metaspace       used 132705K, capacity 139760K, committed 149632K, reserved 1175552K
  class space    used 19818K, capacity 21584K, committed 22912K, reserved 1048576K
Event: 7737.461 GC heap after
Heap after GC invocations=550 (full 15):
 PSYoungGen      total 250368K, used 0K [0x00000000eab00000, 0x00000000ffc80000, 0x0000000100000000)
  eden space 167424K, 0% used [0x00000000eab00000,0x00000000eab00000,0x00000000f4e80000)
  from space 82944K, 0% used [0x00000000f4e80000,0x00000000f4e80000,0x00000000f9f80000)
  to   space 79872K, 0% used [0x00000000fae80000,0x00000000fae80000,0x00000000ffc80000)
 ParOldGen       total 699392K, used 271520K [0x00000000c0000000, 0x00000000eab00000, 0x00000000eab00000)
  object space 699392K, 38% used [0x00000000c0000000,0x00000000d0928338,0x00000000eab00000)
 Metaspace       used 127640K, capacity 133758K, committed 149632K, reserved 1175552K
  class space    used 19055K, capacity 20582K, committed 22912K, reserved 1048576K
}

