# JRE version: Java(TM) SE Runtime Environment (8.0_60-b07) (build 1.8.0_60-ea-b07)
# Java VM: Java HotSpot(TM) 64-Bit Server VM (25.60-b07 mixed mode linux-amd64 compressed oops)
Heap:
 PSYoungGen      total 232960K, used 2318K [0x00000000eab00000, 0x0000000100000000, 0x0000000100000000)
  eden space 116736K, 1% used [0x00000000eab00000,0x00000000ead43868,0x00000000f1d00000)
  from space 116224K, 0% used [0x00000000f1d00000,0x00000000f1d00000,0x00000000f8e80000)
  to   space 116224K, 0% used [0x00000000f8e80000,0x00000000f8e80000,0x0000000100000000)
 ParOldGen       total 699392K, used 489943K [0x00000000c0000000, 0x00000000eab00000, 0x00000000eab00000)
  object space 699392K, 70% used [0x00000000c0000000,0x00000000dde75ea8,0x00000000eab00000)
 Metaspace       used 203197K, capacity 209769K, committed 221440K, reserved 1232896K
  class space    used 34300K, capacity 35777K, committed 37888K, reserved 1048576K
GC Heap History (10 events):
Event: 9630.727 GC heap before
{Heap before GC invocations=307 (full 13):
 PSYoungGen      total 289792K, used 289787K [0x00000000eab00000, 0x0000000100000000, 0x0000000100000000)
  eden space 230400K, 100% used [0x00000000eab00000,0x00000000f8c00000,0x00000000f8c00000)
  from space 59392K, 99% used [0x00000000f8c00000,0x00000000fc5fed68,0x00000000fc600000)
  to   space 59392K, 0% used [0x00000000fc600000,0x00000000fc600000,0x0000000100000000)
 ParOldGen       total 531456K, used 281449K [0x00000000c0000000, 0x00000000e0700000, 0x00000000eab00000)
  object space 531456K, 52% used [0x00000000c0000000,0x00000000d12da7f0,0x00000000e0700000)
 Metaspace       used 204826K, capacity 212273K, committed 221440K, reserved 1232896K
  class space    used 34598K, capacity 36282K, committed 37888K, reserved 1048576K
Event: 9630.871 GC heap after
Heap after GC invocations=307 (full 13):
 PSYoungGen      total 176128K, used 59375K [0x00000000eab00000, 0x0000000100000000, 0x0000000100000000)
  eden space 116736K, 0% used [0x00000000eab00000,0x00000000eab00000,0x00000000f1d00000)
  from space 59392K, 99% used [0x00000000fc600000,0x00000000ffffbec0,0x0000000100000000)
  to   space 116224K, 0% used [0x00000000f1d00000,0x00000000f1d00000,0x00000000f8e80000)
 ParOldGen       total 531456K, used 365408K [0x00000000c0000000, 0x00000000e0700000, 0x00000000eab00000)
  object space 531456K, 68% used [0x00000000c0000000,0x00000000d64d8350,0x00000000e0700000)
 Metaspace       used 204826K, capacity 212273K, committed 221440K, reserved 1232896K
  class space    used 34598K, capacity 36282K, committed 37888K, reserved 1048576K
}
Event: 9631.147 GC heap before
{Heap before GC invocations=308 (full 13):
 PSYoungGen      total 176128K, used 176111K [0x00000000eab00000, 0x0000000100000000, 0x0000000100000000)
  eden space 116736K, 100% used [0x00000000eab00000,0x00000000f1d00000,0x00000000f1d00000)
  from space 59392K, 99% used [0x00000000fc600000,0x00000000ffffbec0,0x0000000100000000)
  to   space 116224K, 0% used [0x00000000f1d00000,0x00000000f1d00000,0x00000000f8e80000)
 ParOldGen       total 531456K, used 365408K [0x00000000c0000000, 0x00000000e0700000, 0x00000000eab00000)
  object space 531456K, 68% used [0x00000000c0000000,0x00000000d64d8350,0x00000000e0700000)
 Metaspace       used 204827K, capacity 212337K, committed 221440K, reserved 1232896K
  class space    used 34598K, capacity 36282K, committed 37888K, reserved 1048576K
Event: 9631.285 GC heap after
Heap after GC invocations=308 (full 13):
 PSYoungGen      total 232960K, used 111888K [0x00000000eab00000, 0x0000000100000000, 0x0000000100000000)
  eden space 116736K, 0% used [0x00000000eab00000,0x00000000eab00000,0x00000000f1d00000)
  from space 116224K, 96% used [0x00000000f1d00000,0x00000000f8a440c0,0x00000000f8e80000)
  to   space 116224K, 0% used [0x00000000f8e80000,0x00000000f8e80000,0x0000000100000000)
 ParOldGen       total 531456K, used 370536K [0x00000000c0000000, 0x00000000e0700000, 0x00000000eab00000)
  object space 531456K, 69% used [0x00000000c0000000,0x00000000d69da240,0x00000000e0700000)
 Metaspace       used 204827K, capacity 212337K, committed 221440K, reserved 1232896K
  class space    used 34598K, capacity 36282K, committed 37888K, reserved 1048576K
}
Event: 9631.627 GC heap before
{Heap before GC invocations=309 (full 13):
 PSYoungGen      total 232960K, used 228624K [0x00000000eab00000, 0x0000000100000000, 0x0000000100000000)
  eden space 116736K, 100% used [0x00000000eab00000,0x00000000f1d00000,0x00000000f1d00000)
  from space 116224K, 96% used [0x00000000f1d00000,0x00000000f8a440c0,0x00000000f8e80000)
  to   space 116224K, 0% used [0x00000000f8e80000,0x00000000f8e80000,0x0000000100000000)
 ParOldGen       total 531456K, used 370536K [0x00000000c0000000, 0x00000000e0700000, 0x00000000eab00000)
  object space 531456K, 69% used [0x00000000c0000000,0x00000000d69da240,0x00000000e0700000)
 Metaspace       used 204829K, capacity 212337K, committed 221440K, reserved 1232896K
  class space    used 34598K, capacity 36282K, committed 37888K, reserved 1048576K
Event: 9631.794 GC heap after
Heap after GC invocations=309 (full 13):
 PSYoungGen      total 232960K, used 101707K [0x00000000eab00000, 0x0000000100000000, 0x0000000100000000)
  eden space 116736K, 0% used [0x00000000eab00000,0x00000000eab00000,0x00000000f1d00000)
  from space 116224K, 87% used [0x00000000f8e80000,0x00000000ff1d2c28,0x0000000100000000)
  to   space 116224K, 0% used [0x00000000f1d00000,0x00000000f1d00000,0x00000000f8e80000)
 ParOldGen       total 531456K, used 411034K [0x00000000c0000000, 0x00000000e0700000, 0x00000000eab00000)
  object space 531456K, 77% used [0x00000000c0000000,0x00000000d9166b10,0x00000000e0700000)
 Metaspace       used 204829K, capacity 212337K, committed 221440K, reserved 1232896K
  class space    used 34598K, capacity 36282K, committed 37888K, reserved 1048576K
}
Event: 9632.158 GC heap before
{Heap before GC invocations=310 (full 13):
 PSYoungGen      total 232960K, used 218443K [0x00000000eab00000, 0x0000000100000000, 0x0000000100000000)
  eden space 116736K, 100% used [0x00000000eab00000,0x00000000f1d00000,0x00000000f1d00000)
  from space 116224K, 87% used [0x00000000f8e80000,0x00000000ff1d2c28,0x0000000100000000)
  to   space 116224K, 0% used [0x00000000f1d00000,0x00000000f1d00000,0x00000000f8e80000)
 ParOldGen       total 531456K, used 411034K [0x00000000c0000000, 0x00000000e0700000, 0x00000000eab00000)
  object space 531456K, 77% used [0x00000000c0000000,0x00000000d9166b10,0x00000000e0700000)
 Metaspace       used 204832K, capacity 212337K, committed 221440K, reserved 1232896K
  class space    used 34598K, capacity 36282K, committed 37888K, reserved 1048576K
Event: 9632.288 GC heap after
Heap after GC invocations=310 (full 13):
 PSYoungGen      total 232960K, used 36474K [0x00000000eab00000, 0x0000000100000000, 0x0000000100000000)
  eden space 116736K, 0% used [0x00000000eab00000,0x00000000eab00000,0x00000000f1d00000)
  from space 116224K, 31% used [0x00000000f1d00000,0x00000000f409e8b0,0x00000000f8e80000)
  to   space 116224K, 0% used [0x00000000f8e80000,0x00000000f8e80000,0x0000000100000000)
 ParOldGen       total 531456K, used 480583K [0x00000000c0000000, 0x00000000e0700000, 0x00000000eab00000)
  object space 531456K, 90% used [0x00000000c0000000,0x00000000dd551f70,0x00000000e0700000)
 Metaspace       used 204832K, capacity 212337K, committed 221440K, reserved 1232896K
  class space    used 34598K, capacity 36282K, committed 37888K, reserved 1048576K
}
Event: 9632.288 GC heap before
{Heap before GC invocations=311 (full 14):
 PSYoungGen      total 232960K, used 36474K [0x00000000eab00000, 0x0000000100000000, 0x0000000100000000)
  eden space 116736K, 0% used [0x00000000eab00000,0x00000000eab00000,0x00000000f1d00000)
  from space 116224K, 31% used [0x00000000f1d00000,0x00000000f409e8b0,0x00000000f8e80000)
  to   space 116224K, 0% used [0x00000000f8e80000,0x00000000f8e80000,0x0000000100000000)
 ParOldGen       total 531456K, used 480583K [0x00000000c0000000, 0x00000000e0700000, 0x00000000eab00000)
  object space 531456K, 90% used [0x00000000c0000000,0x00000000dd551f70,0x00000000e0700000)
 Metaspace       used 204832K, capacity 212337K, committed 221440K, reserved 1232896K
  class space    used 34598K, capacity 36282K, committed 37888K, reserved 1048576K
Event: 9634.670 GC heap after
Heap after GC invocations=311 (full 14):
 PSYoungGen      total 232960K, used 0K [0x00000000eab00000, 0x0000000100000000, 0x0000000100000000)
  eden space 116736K, 0% used [0x00000000eab00000,0x00000000eab00000,0x00000000f1d00000)
  from space 116224K, 0% used [0x00000000f1d00000,0x00000000f1d00000,0x00000000f8e80000)
  to   space 116224K, 0% used [0x00000000f8e80000,0x00000000f8e80000,0x0000000100000000)
 ParOldGen       total 699392K, used 489943K [0x00000000c0000000, 0x00000000eab00000, 0x00000000eab00000)
  object space 699392K, 70% used [0x00000000c0000000,0x00000000dde75ea8,0x00000000eab00000)
 Metaspace       used 203193K, capacity 209769K, committed 221440K, reserved 1232896K
  class space    used 34300K, capacity 35777K, committed 37888K, reserved 1048576K
}

