# JRE version: Java(TM) SE Runtime Environment (8.0_60-b07) (build 1.8.0_60-ea-b07)
# Java VM: Java HotSpot(TM) 64-Bit Server VM (25.60-b07 mixed mode linux-amd64 compressed oops)
Heap:
 PSYoungGen      total 315392K, used 5644K [0x00000000eab00000, 0x0000000100000000, 0x0000000100000000)
  eden space 281600K, 2% used [0x00000000eab00000,0x00000000eb0833c0,0x00000000fbe00000)
  from space 33792K, 0% used [0x00000000fbe00000,0x00000000fbe00000,0x00000000fdf00000)
  to   space 32256K, 0% used [0x00000000fe080000,0x00000000fe080000,0x0000000100000000)
 ParOldGen       total 677376K, used 267654K [0x00000000c0000000, 0x00000000e9580000, 0x00000000eab00000)
  object space 677376K, 39% used [0x00000000c0000000,0x00000000d0561a28,0x00000000e9580000)
 Metaspace       used 142984K, capacity 150057K, committed 174976K, reserved 1198080K
  class space    used 20838K, capacity 22588K, committed 25728K, reserved 1048576K
GC Heap History (10 events):
Event: 4926.061 GC heap before
{Heap before GC invocations=675 (full 15):
 PSYoungGen      total 340992K, used 340968K [0x00000000eab00000, 0x0000000100000000, 0x0000000100000000)
  eden space 334336K, 100% used [0x00000000eab00000,0x00000000ff180000,0x00000000ff180000)
  from space 6656K, 99% used [0x00000000ff180000,0x00000000ff7fa350,0x00000000ff800000)
  to   space 8192K, 0% used [0x00000000ff800000,0x00000000ff800000,0x0000000100000000)
 ParOldGen       total 699392K, used 622217K [0x00000000c0000000, 0x00000000eab00000, 0x00000000eab00000)
  object space 699392K, 88% used [0x00000000c0000000,0x00000000e5fa2700,0x00000000eab00000)
 Metaspace       used 166205K, capacity 174539K, committed 174976K, reserved 1198080K
  class space    used 23428K, capacity 25612K, committed 25728K, reserved 1048576K
Event: 4926.089 GC heap after
Heap after GC invocations=675 (full 15):
 PSYoungGen      total 291840K, used 8187K [0x00000000eab00000, 0x0000000100000000, 0x0000000100000000)
  eden space 283648K, 0% used [0x00000000eab00000,0x00000000eab00000,0x00000000fc000000)
  from space 8192K, 99% used [0x00000000ff800000,0x00000000ffffef90,0x0000000100000000)
  to   space 32768K, 0% used [0x00000000fc000000,0x00000000fc000000,0x00000000fe000000)
 ParOldGen       total 699392K, used 648825K [0x00000000c0000000, 0x00000000eab00000, 0x00000000eab00000)
  object space 699392K, 92% used [0x00000000c0000000,0x00000000e799e618,0x00000000eab00000)
 Metaspace       used 166205K, capacity 174539K, committed 174976K, reserved 1198080K
  class space    used 23428K, capacity 25612K, committed 25728K, reserved 1048576K
}
Event: 4938.774 GC heap before
{Heap before GC invocations=676 (full 15):
 PSYoungGen      total 291840K, used 291835K [0x00000000eab00000, 0x0000000100000000, 0x0000000100000000)
  eden space 283648K, 100% used [0x00000000eab00000,0x00000000fc000000,0x00000000fc000000)
  from space 8192K, 99% used [0x00000000ff800000,0x00000000ffffef90,0x0000000100000000)
  to   space 32768K, 0% used [0x00000000fc000000,0x00000000fc000000,0x00000000fe000000)
 ParOldGen       total 699392K, used 648825K [0x00000000c0000000, 0x00000000eab00000, 0x00000000eab00000)
  object space 699392K, 92% used [0x00000000c0000000,0x00000000e799e618,0x00000000eab00000)
 Metaspace       used 166205K, capacity 174539K, committed 174976K, reserved 1198080K
  class space    used 23428K, capacity 25612K, committed 25728K, reserved 1048576K
Event: 4938.790 GC heap after
Heap after GC invocations=676 (full 15):
 PSYoungGen      total 316416K, used 8911K [0x00000000eab00000, 0x0000000100000000, 0x0000000100000000)
  eden space 283648K, 0% used [0x00000000eab00000,0x00000000eab00000,0x00000000fc000000)
  from space 32768K, 27% used [0x00000000fc000000,0x00000000fc8b3e78,0x00000000fe000000)
  to   space 30720K, 0% used [0x00000000fe200000,0x00000000fe200000,0x0000000100000000)
 ParOldGen       total 699392K, used 652033K [0x00000000c0000000, 0x00000000eab00000, 0x00000000eab00000)
  object space 699392K, 93% used [0x00000000c0000000,0x00000000e7cc0618,0x00000000eab00000)
 Metaspace       used 166205K, capacity 174539K, committed 174976K, reserved 1198080K
  class space    used 23428K, capacity 25612K, committed 25728K, reserved 1048576K
}
Event: 4939.385 GC heap before
{Heap before GC invocations=677 (full 15):
 PSYoungGen      total 316416K, used 292559K [0x00000000eab00000, 0x0000000100000000, 0x0000000100000000)
  eden space 283648K, 100% used [0x00000000eab00000,0x00000000fc000000,0x00000000fc000000)
  from space 32768K, 27% used [0x00000000fc000000,0x00000000fc8b3e78,0x00000000fe000000)
  to   space 30720K, 0% used [0x00000000fe200000,0x00000000fe200000,0x0000000100000000)
 ParOldGen       total 699392K, used 652033K [0x00000000c0000000, 0x00000000eab00000, 0x00000000eab00000)
  object space 699392K, 93% used [0x00000000c0000000,0x00000000e7cc0618,0x00000000eab00000)
 Metaspace       used 166205K, capacity 174539K, committed 174976K, reserved 1198080K
  class space    used 23428K, capacity 25612K, committed 25728K, reserved 1048576K
Event: 4939.412 GC heap after
Heap after GC invocations=677 (full 15):
 PSYoungGen      total 312320K, used 23125K [0x00000000eab00000, 0x0000000100000000, 0x0000000100000000)
  eden space 281600K, 0% used [0x00000000eab00000,0x00000000eab00000,0x00000000fbe00000)
  from space 30720K, 75% used [0x00000000fe200000,0x00000000ff895748,0x0000000100000000)
  to   space 33792K, 0% used [0x00000000fbe00000,0x00000000fbe00000,0x00000000fdf00000)
 ParOldGen       total 699392K, used 656760K [0x00000000c0000000, 0x00000000eab00000, 0x00000000eab00000)
  object space 699392K, 93% used [0x00000000c0000000,0x00000000e815e208,0x00000000eab00000)
 Metaspace       used 166205K, capacity 174539K, committed 174976K, reserved 1198080K
  class space    used 23428K, capacity 25612K, committed 25728K, reserved 1048576K
}
Event: 4939.942 GC heap before
{Heap before GC invocations=678 (full 15):
 PSYoungGen      total 312320K, used 304725K [0x00000000eab00000, 0x0000000100000000, 0x0000000100000000)
  eden space 281600K, 100% used [0x00000000eab00000,0x00000000fbe00000,0x00000000fbe00000)
  from space 30720K, 75% used [0x00000000fe200000,0x00000000ff895748,0x0000000100000000)
  to   space 33792K, 0% used [0x00000000fbe00000,0x00000000fbe00000,0x00000000fdf00000)
 ParOldGen       total 699392K, used 656760K [0x00000000c0000000, 0x00000000eab00000, 0x00000000eab00000)
  object space 699392K, 93% used [0x00000000c0000000,0x00000000e815e208,0x00000000eab00000)
 Metaspace       used 166207K, capacity 174539K, committed 174976K, reserved 1198080K
  class space    used 23428K, capacity 25612K, committed 25728K, reserved 1048576K
Event: 4939.976 GC heap after
Heap after GC invocations=678 (full 15):
 PSYoungGen      total 315392K, used 7455K [0x00000000eab00000, 0x0000000100000000, 0x0000000100000000)
  eden space 281600K, 0% used [0x00000000eab00000,0x00000000eab00000,0x00000000fbe00000)
  from space 33792K, 22% used [0x00000000fbe00000,0x00000000fc547d58,0x00000000fdf00000)
  to   space 32256K, 0% used [0x00000000fe080000,0x00000000fe080000,0x0000000100000000)
 ParOldGen       total 699392K, used 675530K [0x00000000c0000000, 0x00000000eab00000, 0x00000000eab00000)
  object space 699392K, 96% used [0x00000000c0000000,0x00000000e93b2aa0,0x00000000eab00000)
 Metaspace       used 166207K, capacity 174539K, committed 174976K, reserved 1198080K
  class space    used 23428K, capacity 25612K, committed 25728K, reserved 1048576K
}
Event: 4939.976 GC heap before
{Heap before GC invocations=679 (full 16):
 PSYoungGen      total 315392K, used 7455K [0x00000000eab00000, 0x0000000100000000, 0x0000000100000000)
  eden space 281600K, 0% used [0x00000000eab00000,0x00000000eab00000,0x00000000fbe00000)
  from space 33792K, 22% used [0x00000000fbe00000,0x00000000fc547d58,0x00000000fdf00000)
  to   space 32256K, 0% used [0x00000000fe080000,0x00000000fe080000,0x0000000100000000)
 ParOldGen       total 699392K, used 675530K [0x00000000c0000000, 0x00000000eab00000, 0x00000000eab00000)
  object space 699392K, 96% used [0x00000000c0000000,0x00000000e93b2aa0,0x00000000eab00000)
 Metaspace       used 166207K, capacity 174539K, committed 174976K, reserved 1198080K
  class space    used 23428K, capacity 25612K, committed 25728K, reserved 1048576K
Event: 4940.426 GC heap after
Heap after GC invocations=679 (full 16):
 PSYoungGen      total 315392K, used 0K [0x00000000eab00000, 0x0000000100000000, 0x0000000100000000)
  eden space 281600K, 0% used [0x00000000eab00000,0x00000000eab00000,0x00000000fbe00000)
  from space 33792K, 0% used [0x00000000fbe00000,0x00000000fbe00000,0x00000000fdf00000)
  to   space 32256K, 0% used [0x00000000fe080000,0x00000000fe080000,0x0000000100000000)
 ParOldGen       total 677376K, used 267654K [0x00000000c0000000, 0x00000000e9580000, 0x00000000eab00000)
  object space 677376K, 39% used [0x00000000c0000000,0x00000000d0561a28,0x00000000e9580000)
 Metaspace       used 142983K, capacity 150057K, committed 174976K, reserved 1198080K
  class space    used 20838K, capacity 22588K, committed 25728K, reserved 1048576K
}

