# JRE version: Java(TM) SE Runtime Environment (8.0_60-b07) (build 1.8.0_60-ea-b07)
# Java VM: Java HotSpot(TM) 64-Bit Server VM (25.60-b07 mixed mode linux-amd64 compressed oops)
Heap:
 PSYoungGen      total 232448K, used 3561K [0x00000000eab00000, 0x0000000100000000, 0x0000000100000000)
  eden space 180736K, 1% used [0x00000000eab00000,0x00000000eae7a780,0x00000000f5b80000)
  from space 51712K, 0% used [0x00000000fad00000,0x00000000fad00000,0x00000000fdf80000)
  to   space 83456K, 0% used [0x00000000f5b80000,0x00000000f5b80000,0x00000000fad00000)
 ParOldGen       total 699392K, used 316864K [0x00000000c0000000, 0x00000000eab00000, 0x00000000eab00000)
  object space 699392K, 45% used [0x00000000c0000000,0x00000000d3570000,0x00000000eab00000)
 Metaspace       used 138836K, capacity 145090K, committed 149888K, reserved 1177600K
  class space    used 20280K, capacity 21856K, committed 22656K, reserved 1048576K
GC Heap History (10 events):
Event: 10169.275 GC heap before
{Heap before GC invocations=336 (full 7):
 PSYoungGen      total 228864K, used 196288K [0x00000000eab00000, 0x00000000fb100000, 0x0000000100000000)
  eden space 195584K, 100% used [0x00000000eab00000,0x00000000f6a00000,0x00000000f6a00000)
  from space 33280K, 2% used [0x00000000f9080000,0x00000000f9130000,0x00000000fb100000)
  to   space 36352K, 0% used [0x00000000f6a00000,0x00000000f6a00000,0x00000000f8d80000)
 ParOldGen       total 561664K, used 523355K [0x00000000c0000000, 0x00000000e2480000, 0x00000000eab00000)
  object space 561664K, 93% used [0x00000000c0000000,0x00000000dff16de0,0x00000000e2480000)
 Metaspace       used 142781K, capacity 149642K, committed 149888K, reserved 1177600K
  class space    used 20818K, capacity 22589K, committed 22656K, reserved 1048576K
Event: 10169.289 GC heap after
Heap after GC invocations=336 (full 7):
 PSYoungGen      total 231936K, used 11219K [0x00000000eab00000, 0x00000000fb880000, 0x0000000100000000)
  eden space 195584K, 0% used [0x00000000eab00000,0x00000000eab00000,0x00000000f6a00000)
  from space 36352K, 30% used [0x00000000f6a00000,0x00000000f74f4cc0,0x00000000f8d80000)
  to   space 35840K, 0% used [0x00000000f9580000,0x00000000f9580000,0x00000000fb880000)
 ParOldGen       total 561664K, used 523387K [0x00000000c0000000, 0x00000000e2480000, 0x00000000eab00000)
  object space 561664K, 93% used [0x00000000c0000000,0x00000000dff1ede0,0x00000000e2480000)
 Metaspace       used 142781K, capacity 149642K, committed 149888K, reserved 1177600K
  class space    used 20818K, capacity 22589K, committed 22656K, reserved 1048576K
}
Event: 10169.882 GC heap before
{Heap before GC invocations=337 (full 7):
 PSYoungGen      total 231936K, used 206803K [0x00000000eab00000, 0x00000000fb880000, 0x0000000100000000)
  eden space 195584K, 100% used [0x00000000eab00000,0x00000000f6a00000,0x00000000f6a00000)
  from space 36352K, 30% used [0x00000000f6a00000,0x00000000f74f4cc0,0x00000000f8d80000)
  to   space 35840K, 0% used [0x00000000f9580000,0x00000000f9580000,0x00000000fb880000)
 ParOldGen       total 561664K, used 523387K [0x00000000c0000000, 0x00000000e2480000, 0x00000000eab00000)
  object space 561664K, 93% used [0x00000000c0000000,0x00000000dff1ede0,0x00000000e2480000)
 Metaspace       used 142886K, capacity 149810K, committed 149888K, reserved 1177600K
  class space    used 20835K, capacity 22637K, committed 22656K, reserved 1048576K
Event: 10169.905 GC heap after
Heap after GC invocations=337 (full 7):
 PSYoungGen      total 232448K, used 35650K [0x00000000eab00000, 0x00000000fca80000, 0x0000000100000000)
  eden space 196608K, 0% used [0x00000000eab00000,0x00000000eab00000,0x00000000f6b00000)
  from space 35840K, 99% used [0x00000000f9580000,0x00000000fb850ba8,0x00000000fb880000)
  to   space 43520K, 0% used [0x00000000f6b00000,0x00000000f6b00000,0x00000000f9580000)
 ParOldGen       total 561664K, used 523451K [0x00000000c0000000, 0x00000000e2480000, 0x00000000eab00000)
  object space 561664K, 93% used [0x00000000c0000000,0x00000000dff2ede0,0x00000000e2480000)
 Metaspace       used 142886K, capacity 149810K, committed 149888K, reserved 1177600K
  class space    used 20835K, capacity 22637K, committed 22656K, reserved 1048576K
}
Event: 10170.500 GC heap before
{Heap before GC invocations=338 (full 7):
 PSYoungGen      total 232448K, used 232258K [0x00000000eab00000, 0x00000000fca80000, 0x0000000100000000)
  eden space 196608K, 100% used [0x00000000eab00000,0x00000000f6b00000,0x00000000f6b00000)
  from space 35840K, 99% used [0x00000000f9580000,0x00000000fb850ba8,0x00000000fb880000)
  to   space 43520K, 0% used [0x00000000f6b00000,0x00000000f6b00000,0x00000000f9580000)
 ParOldGen       total 561664K, used 523451K [0x00000000c0000000, 0x00000000e2480000, 0x00000000eab00000)
  object space 561664K, 93% used [0x00000000c0000000,0x00000000dff2ede0,0x00000000e2480000)
 Metaspace       used 142889K, capacity 149810K, committed 149888K, reserved 1177600K
  class space    used 20835K, capacity 22637K, committed 22656K, reserved 1048576K
Event: 10170.536 GC heap after
Heap after GC invocations=338 (full 7):
 PSYoungGen      total 240128K, used 39146K [0x00000000eab00000, 0x00000000fdf80000, 0x0000000100000000)
  eden space 196608K, 0% used [0x00000000eab00000,0x00000000eab00000,0x00000000f6b00000)
  from space 43520K, 89% used [0x00000000f6b00000,0x00000000f913a850,0x00000000f9580000)
  to   space 51712K, 0% used [0x00000000fad00000,0x00000000fad00000,0x00000000fdf80000)
 ParOldGen       total 561664K, used 523515K [0x00000000c0000000, 0x00000000e2480000, 0x00000000eab00000)
  object space 561664K, 93% used [0x00000000c0000000,0x00000000dff3ede0,0x00000000e2480000)
 Metaspace       used 142889K, capacity 149810K, committed 149888K, reserved 1177600K
  class space    used 20835K, capacity 22637K, committed 22656K, reserved 1048576K
}
Event: 10171.113 GC heap before
{Heap before GC invocations=339 (full 7):
 PSYoungGen      total 240128K, used 235754K [0x00000000eab00000, 0x00000000fdf80000, 0x0000000100000000)
  eden space 196608K, 100% used [0x00000000eab00000,0x00000000f6b00000,0x00000000f6b00000)
  from space 43520K, 89% used [0x00000000f6b00000,0x00000000f913a850,0x00000000f9580000)
  to   space 51712K, 0% used [0x00000000fad00000,0x00000000fad00000,0x00000000fdf80000)
 ParOldGen       total 561664K, used 523515K [0x00000000c0000000, 0x00000000e2480000, 0x00000000eab00000)
  object space 561664K, 93% used [0x00000000c0000000,0x00000000dff3ede0,0x00000000e2480000)
 Metaspace       used 142889K, capacity 149810K, committed 149888K, reserved 1177600K
  class space    used 20835K, capacity 22637K, committed 22656K, reserved 1048576K
Event: 10171.226 GC heap after
Heap after GC invocations=339 (full 7):
 PSYoungGen      total 232448K, used 51697K [0x00000000eab00000, 0x0000000100000000, 0x0000000100000000)
  eden space 180736K, 0% used [0x00000000eab00000,0x00000000eab00000,0x00000000f5b80000)
  from space 51712K, 99% used [0x00000000fad00000,0x00000000fdf7c798,0x00000000fdf80000)
  to   space 83456K, 0% used [0x00000000f5b80000,0x00000000f5b80000,0x00000000fad00000)
 ParOldGen       total 580608K, used 580434K [0x00000000c0000000, 0x00000000e3700000, 0x00000000eab00000)
  object space 580608K, 99% used [0x00000000c0000000,0x00000000e36d4958,0x00000000e3700000)
 Metaspace       used 142889K, capacity 149810K, committed 149888K, reserved 1177600K
  class space    used 20835K, capacity 22637K, committed 22656K, reserved 1048576K
}
Event: 10171.226 GC heap before
{Heap before GC invocations=340 (full 8):
 PSYoungGen      total 232448K, used 51697K [0x00000000eab00000, 0x0000000100000000, 0x0000000100000000)
  eden space 180736K, 0% used [0x00000000eab00000,0x00000000eab00000,0x00000000f5b80000)
  from space 51712K, 99% used [0x00000000fad00000,0x00000000fdf7c798,0x00000000fdf80000)
  to   space 83456K, 0% used [0x00000000f5b80000,0x00000000f5b80000,0x00000000fad00000)
 ParOldGen       total 580608K, used 580434K [0x00000000c0000000, 0x00000000e3700000, 0x00000000eab00000)
  object space 580608K, 99% used [0x00000000c0000000,0x00000000e36d4958,0x00000000e3700000)
 Metaspace       used 142889K, capacity 149810K, committed 149888K, reserved 1177600K
  class space    used 20835K, capacity 22637K, committed 22656K, reserved 1048576K
Event: 10172.140 GC heap after
Heap after GC invocations=340 (full 8):
 PSYoungGen      total 232448K, used 0K [0x00000000eab00000, 0x0000000100000000, 0x0000000100000000)
  eden space 180736K, 0% used [0x00000000eab00000,0x00000000eab00000,0x00000000f5b80000)
  from space 51712K, 0% used [0x00000000fad00000,0x00000000fad00000,0x00000000fdf80000)
  to   space 83456K, 0% used [0x00000000f5b80000,0x00000000f5b80000,0x00000000fad00000)
 ParOldGen       total 699392K, used 316864K [0x00000000c0000000, 0x00000000eab00000, 0x00000000eab00000)
  object space 699392K, 45% used [0x00000000c0000000,0x00000000d3570000,0x00000000eab00000)
 Metaspace       used 138835K, capacity 145090K, committed 149888K, reserved 1177600K
  class space    used 20280K, capacity 21856K, committed 22656K, reserved 1048576K
}

