# JRE version: Java(TM) SE Runtime Environment (8.0_60-b07) (build 1.8.0_60-ea-b07)
# Java VM: Java HotSpot(TM) 64-Bit Server VM (25.60-b07 mixed mode linux-amd64 compressed oops)
Heap:
 PSYoungGen      total 232960K, used 2345K [0x00000000eab00000, 0x0000000100000000, 0x0000000100000000)
  eden space 116736K, 2% used [0x00000000eab00000,0x00000000ead4a488,0x00000000f1d00000)
  from space 116224K, 0% used [0x00000000f8e80000,0x00000000f8e80000,0x0000000100000000)
  to   space 116224K, 0% used [0x00000000f1d00000,0x00000000f1d00000,0x00000000f8e80000)
 ParOldGen       total 699392K, used 539793K [0x00000000c0000000, 0x00000000eab00000, 0x00000000eab00000)
  object space 699392K, 77% used [0x00000000c0000000,0x00000000e0f24518,0x00000000eab00000)
 Metaspace       used 130105K, capacity 136422K, committed 166656K, reserved 1187840K
  class space    used 19270K, capacity 20793K, committed 27904K, reserved 1048576K
GC Heap History (10 events):
Event: 6615.075 GC heap before
{Heap before GC invocations=589 (full 12):
 PSYoungGen      total 232960K, used 232935K [0x00000000eab00000, 0x0000000100000000, 0x0000000100000000)
  eden space 116736K, 100% used [0x00000000eab00000,0x00000000f1d00000,0x00000000f1d00000)
  from space 116224K, 99% used [0x00000000f8e80000,0x00000000ffff9ef8,0x0000000100000000)
  to   space 116224K, 0% used [0x00000000f1d00000,0x00000000f1d00000,0x00000000f8e80000)
 ParOldGen       total 693248K, used 503642K [0x00000000c0000000, 0x00000000ea500000, 0x00000000eab00000)
  object space 693248K, 72% used [0x00000000c0000000,0x00000000debd6918,0x00000000ea500000)
 Metaspace       used 171034K, capacity 178716K, committed 178944K, reserved 1200128K
  class space    used 25846K, capacity 27775K, committed 27904K, reserved 1048576K
Event: 6615.215 GC heap after
Heap after GC invocations=589 (full 12):
 PSYoungGen      total 232960K, used 97046K [0x00000000eab00000, 0x0000000100000000, 0x0000000100000000)
  eden space 116736K, 0% used [0x00000000eab00000,0x00000000eab00000,0x00000000f1d00000)
  from space 116224K, 83% used [0x00000000f1d00000,0x00000000f7bc5928,0x00000000f8e80000)
  to   space 116224K, 0% used [0x00000000f8e80000,0x00000000f8e80000,0x0000000100000000)
 ParOldGen       total 693248K, used 526460K [0x00000000c0000000, 0x00000000ea500000, 0x00000000eab00000)
  object space 693248K, 75% used [0x00000000c0000000,0x00000000e021f120,0x00000000ea500000)
 Metaspace       used 171034K, capacity 178716K, committed 178944K, reserved 1200128K
  class space    used 25846K, capacity 27775K, committed 27904K, reserved 1048576K
}
Event: 6615.579 GC heap before
{Heap before GC invocations=590 (full 12):
 PSYoungGen      total 232960K, used 213782K [0x00000000eab00000, 0x0000000100000000, 0x0000000100000000)
  eden space 116736K, 100% used [0x00000000eab00000,0x00000000f1d00000,0x00000000f1d00000)
  from space 116224K, 83% used [0x00000000f1d00000,0x00000000f7bc5928,0x00000000f8e80000)
  to   space 116224K, 0% used [0x00000000f8e80000,0x00000000f8e80000,0x0000000100000000)
 ParOldGen       total 693248K, used 526460K [0x00000000c0000000, 0x00000000ea500000, 0x00000000eab00000)
  object space 693248K, 75% used [0x00000000c0000000,0x00000000e021f120,0x00000000ea500000)
 Metaspace       used 171036K, capacity 178716K, committed 178944K, reserved 1200128K
  class space    used 25846K, capacity 27775K, committed 27904K, reserved 1048576K
Event: 6615.702 GC heap after
Heap after GC invocations=590 (full 12):
 PSYoungGen      total 232960K, used 75232K [0x00000000eab00000, 0x0000000100000000, 0x0000000100000000)
  eden space 116736K, 0% used [0x00000000eab00000,0x00000000eab00000,0x00000000f1d00000)
  from space 116224K, 64% used [0x00000000f8e80000,0x00000000fd7f8048,0x0000000100000000)
  to   space 116224K, 0% used [0x00000000f1d00000,0x00000000f1d00000,0x00000000f8e80000)
 ParOldGen       total 693248K, used 552906K [0x00000000c0000000, 0x00000000ea500000, 0x00000000eab00000)
  object space 693248K, 79% used [0x00000000c0000000,0x00000000e1bf2800,0x00000000ea500000)
 Metaspace       used 171036K, capacity 178716K, committed 178944K, reserved 1200128K
  class space    used 25846K, capacity 27775K, committed 27904K, reserved 1048576K
}
Event: 6616.014 GC heap before
{Heap before GC invocations=591 (full 12):
 PSYoungGen      total 232960K, used 191968K [0x00000000eab00000, 0x0000000100000000, 0x0000000100000000)
  eden space 116736K, 100% used [0x00000000eab00000,0x00000000f1d00000,0x00000000f1d00000)
  from space 116224K, 64% used [0x00000000f8e80000,0x00000000fd7f8048,0x0000000100000000)
  to   space 116224K, 0% used [0x00000000f1d00000,0x00000000f1d00000,0x00000000f8e80000)
 ParOldGen       total 693248K, used 552906K [0x00000000c0000000, 0x00000000ea500000, 0x00000000eab00000)
  object space 693248K, 79% used [0x00000000c0000000,0x00000000e1bf2800,0x00000000ea500000)
 Metaspace       used 171037K, capacity 178716K, committed 178944K, reserved 1200128K
  class space    used 25846K, capacity 27775K, committed 27904K, reserved 1048576K
Event: 6616.115 GC heap after
Heap after GC invocations=591 (full 12):
 PSYoungGen      total 232960K, used 13735K [0x00000000eab00000, 0x0000000100000000, 0x0000000100000000)
  eden space 116736K, 0% used [0x00000000eab00000,0x00000000eab00000,0x00000000f1d00000)
  from space 116224K, 11% used [0x00000000f1d00000,0x00000000f2a69d50,0x00000000f8e80000)
  to   space 116224K, 0% used [0x00000000f8e80000,0x00000000f8e80000,0x0000000100000000)
 ParOldGen       total 693248K, used 619097K [0x00000000c0000000, 0x00000000ea500000, 0x00000000eab00000)
  object space 693248K, 89% used [0x00000000c0000000,0x00000000e5c96628,0x00000000ea500000)
 Metaspace       used 171037K, capacity 178716K, committed 178944K, reserved 1200128K
  class space    used 25846K, capacity 27775K, committed 27904K, reserved 1048576K
}
Event: 6616.484 GC heap before
{Heap before GC invocations=592 (full 12):
 PSYoungGen      total 232960K, used 130471K [0x00000000eab00000, 0x0000000100000000, 0x0000000100000000)
  eden space 116736K, 100% used [0x00000000eab00000,0x00000000f1d00000,0x00000000f1d00000)
  from space 116224K, 11% used [0x00000000f1d00000,0x00000000f2a69d50,0x00000000f8e80000)
  to   space 116224K, 0% used [0x00000000f8e80000,0x00000000f8e80000,0x0000000100000000)
 ParOldGen       total 693248K, used 619097K [0x00000000c0000000, 0x00000000ea500000, 0x00000000eab00000)
  object space 693248K, 89% used [0x00000000c0000000,0x00000000e5c96628,0x00000000ea500000)
 Metaspace       used 171041K, capacity 178716K, committed 178944K, reserved 1200128K
  class space    used 25846K, capacity 27775K, committed 27904K, reserved 1048576K
Event: 6616.514 GC heap after
Heap after GC invocations=592 (full 12):
 PSYoungGen      total 232960K, used 8976K [0x00000000eab00000, 0x0000000100000000, 0x0000000100000000)
  eden space 116736K, 0% used [0x00000000eab00000,0x00000000eab00000,0x00000000f1d00000)
  from space 116224K, 7% used [0x00000000f8e80000,0x00000000f9744010,0x0000000100000000)
  to   space 116224K, 0% used [0x00000000f1d00000,0x00000000f1d00000,0x00000000f8e80000)
 ParOldGen       total 693248K, used 628103K [0x00000000c0000000, 0x00000000ea500000, 0x00000000eab00000)
  object space 693248K, 90% used [0x00000000c0000000,0x00000000e6561fc0,0x00000000ea500000)
 Metaspace       used 171041K, capacity 178716K, committed 178944K, reserved 1200128K
  class space    used 25846K, capacity 27775K, committed 27904K, reserved 1048576K
}
Event: 6616.514 GC heap before
{Heap before GC invocations=593 (full 13):
 PSYoungGen      total 232960K, used 8976K [0x00000000eab00000, 0x0000000100000000, 0x0000000100000000)
  eden space 116736K, 0% used [0x00000000eab00000,0x00000000eab00000,0x00000000f1d00000)
  from space 116224K, 7% used [0x00000000f8e80000,0x00000000f9744010,0x0000000100000000)
  to   space 116224K, 0% used [0x00000000f1d00000,0x00000000f1d00000,0x00000000f8e80000)
 ParOldGen       total 693248K, used 628103K [0x00000000c0000000, 0x00000000ea500000, 0x00000000eab00000)
  object space 693248K, 90% used [0x00000000c0000000,0x00000000e6561fc0,0x00000000ea500000)
 Metaspace       used 171041K, capacity 178716K, committed 178944K, reserved 1200128K
  class space    used 25846K, capacity 27775K, committed 27904K, reserved 1048576K
Event: 6618.426 GC heap after
Heap after GC invocations=593 (full 13):
 PSYoungGen      total 232960K, used 0K [0x00000000eab00000, 0x0000000100000000, 0x0000000100000000)
  eden space 116736K, 0% used [0x00000000eab00000,0x00000000eab00000,0x00000000f1d00000)
  from space 116224K, 0% used [0x00000000f8e80000,0x00000000f8e80000,0x0000000100000000)
  to   space 116224K, 0% used [0x00000000f1d00000,0x00000000f1d00000,0x00000000f8e80000)
 ParOldGen       total 699392K, used 539793K [0x00000000c0000000, 0x00000000eab00000, 0x00000000eab00000)
  object space 699392K, 77% used [0x00000000c0000000,0x00000000e0f24518,0x00000000eab00000)
 Metaspace       used 130104K, capacity 136422K, committed 166656K, reserved 1187840K
  class space    used 19270K, capacity 20793K, committed 27904K, reserved 1048576K
}

